12:18:25,313  INFO HTransportSocketio:122 - ---> connecting   http://localhost:8080
15:13:03,674  INFO HTransportSocketio:122 - ---> connecting   http://localhost:8080
15:23:54,265  INFO HTransportSocketio:122 - ---> connecting   http://localhost:8080
15:23:59,293  INFO HTransportSocketio:122 - ---> connecting   http://localhost:8080
15:24:04,304  INFO HTransportSocketio:122 - ---> connecting   http://localhost:8080
15:24:09,316  INFO HTransportSocketio:122 - ---> connecting   http://localhost:8080
15:24:14,339  INFO HTransportSocketio:122 - ---> connecting   http://localhost:8080
15:24:19,361  INFO HTransportSocketio:122 - ---> connecting   http://localhost:8080
15:24:24,374  INFO HTransportSocketio:122 - ---> connecting   http://localhost:8080
15:24:29,398  INFO HTransportSocketio:122 - ---> connecting   http://localhost:8080
15:24:34,425  INFO HTransportSocketio:122 - ---> connecting   http://localhost:8080
15:24:39,439  INFO HTransportSocketio:122 - ---> connecting   http://localhost:8080
15:24:44,457  INFO HTransportSocketio:122 - ---> connecting   http://localhost:8080
15:24:49,476  INFO HTransportSocketio:122 - ---> connecting   http://localhost:8080
15:24:54,495  INFO HTransportSocketio:122 - ---> connecting   http://localhost:8080
15:24:59,518  INFO HTransportSocketio:122 - ---> connecting   http://localhost:8080
15:25:04,541  INFO HTransportSocketio:122 - ---> connecting   http://localhost:8080
15:25:09,564  INFO HTransportSocketio:122 - ---> connecting   http://localhost:8080
15:25:14,578  INFO HTransportSocketio:122 - ---> connecting   http://localhost:8080
15:25:19,594  INFO HTransportSocketio:122 - ---> connecting   http://localhost:8080
15:25:24,609  INFO HTransportSocketio:122 - ---> connecting   http://localhost:8080
15:25:29,638  INFO HTransportSocketio:122 - ---> connecting   http://localhost:8080
15:25:34,657  INFO HTransportSocketio:122 - ---> connecting   http://localhost:8080
15:25:39,686  INFO HTransportSocketio:122 - ---> connecting   http://localhost:8080
15:25:44,702  INFO HTransportSocketio:122 - ---> connecting   http://localhost:8080
15:25:49,725  INFO HTransportSocketio:122 - ---> connecting   http://localhost:8080
15:25:53,375  INFO HTransportSocketio:122 - ---> connecting   http://hub.novediagroup.com:8080
15:25:54,753  INFO HTransportSocketio:122 - ---> connecting   http://hub.novediagroup.com:8080
15:26:10,977  INFO HTransportSocketio:122 - ---> connecting   http://hub.novediagroup.cn:8080
15:26:15,379  INFO HTransportSocketio:122 - ---> connecting   http://hub.novediagroup.com:8080
15:26:16,025  INFO HTransportSocketio:122 - ---> connecting   http://hub.novediagroup.com:8080
15:26:55,240  INFO HTransportSocketio:122 - ---> connecting   http://hub.novediagroup.com:8080
15:26:57,495  INFO HTransportSocketio:122 - ---> connecting   http://hub.novediagroup.com:8080
15:26:59,672  INFO HTransportSocketio:122 - ---> connecting   http://hub.novediagroup.com:8080
15:27:02,335  INFO HTransportSocketio:122 - ---> connecting   http://hub.novediagroup.com:8080
15:27:05,832  INFO HTransportSocketio:122 - ---> connecting   http://hub.novediagroup.com:8080
15:27:14,432  INFO HTransportSocketio:122 - ---> connecting   http://hub.novediagroup.com:8080
15:27:28,841  INFO HTransportSocketio:122 - ---> connecting   http://hub.novediagroup.com:8080
15:27:37,759  INFO HTransportSocketio:122 - ---> connecting   http://hub.novediagroup.com:8080
15:28:01,512  INFO HTransportSocketio:122 - ---> connecting   http://localhost:8080
15:28:02,492  INFO HTransportSocketio:122 - ---> connecting   http://localhost:8080
15:28:02,658  INFO HTransportSocketio:122 - ---> connecting   http://localhost:8080
15:28:02,831  INFO HTransportSocketio:122 - ---> connecting   http://localhost:8080
15:28:03,015  INFO HTransportSocketio:122 - ---> connecting   http://localhost:8080
15:28:03,487  INFO HTransportSocketio:122 - ---> connecting   http://localhost:8080
15:28:05,440  INFO HTransportSocketio:122 - ---> connecting   http://localhost:8080
15:28:10,469  INFO HTransportSocketio:122 - ---> connecting   http://localhost:8080
15:28:15,485  INFO HTransportSocketio:122 - ---> connecting   http://localhost:8080
15:28:20,501  INFO HTransportSocketio:122 - ---> connecting   http://localhost:8080
15:28:25,527  INFO HTransportSocketio:122 - ---> connecting   http://localhost:8080
15:28:30,544  INFO HTransportSocketio:122 - ---> connecting   http://localhost:8080
15:28:35,558  INFO HTransportSocketio:122 - ---> connecting   http://localhost:8080
15:28:40,572  INFO HTransportSocketio:122 - ---> connecting   http://localhost:8080
15:28:45,586  INFO HTransportSocketio:122 - ---> connecting   http://localhost:8080
15:28:50,594  INFO HTransportSocketio:122 - ---> connecting   http://localhost:8080
15:28:55,610  INFO HTransportSocketio:122 - ---> connecting   http://localhost:8080
15:29:00,646  INFO HTransportSocketio:122 - ---> connecting   http://localhost:8080
15:29:05,673  INFO HTransportSocketio:122 - ---> connecting   http://localhost:8080
15:29:10,699  INFO HTransportSocketio:122 - ---> connecting   http://localhost:8080
15:29:15,713  INFO HTransportSocketio:122 - ---> connecting   http://localhost:8080
15:29:20,740  INFO HTransportSocketio:122 - ---> connecting   http://localhost:8080
15:29:25,760  INFO HTransportSocketio:122 - ---> connecting   http://localhost:8080
15:29:30,786  INFO HTransportSocketio:122 - ---> connecting   http://localhost:8080
15:29:35,808  INFO HTransportSocketio:122 - ---> connecting   http://localhost:8080
15:29:40,825  INFO HTransportSocketio:122 - ---> connecting   http://localhost:8080
15:29:45,857  INFO HTransportSocketio:122 - ---> connecting   http://localhost:8080
15:29:50,868  INFO HTransportSocketio:122 - ---> connecting   http://localhost:8080
15:29:55,883  INFO HTransportSocketio:122 - ---> connecting   http://localhost:8080
15:30:00,910  INFO HTransportSocketio:122 - ---> connecting   http://localhost:8080
15:30:01,407  INFO HTransportSocketio:122 - ---> connecting   http://hub.novediagroup.com:8080
15:30:05,927  INFO HTransportSocketio:122 - ---> connecting   http://hub.novediagroup.com:8080
15:30:10,957  INFO HTransportSocketio:122 - ---> connecting   http://hub.novediagroup.com:8080
15:30:15,979  INFO HTransportSocketio:122 - ---> connecting   http://hub.novediagroup.com:8080
15:30:20,994  INFO HTransportSocketio:122 - ---> connecting   http://hub.novediagroup.com:8080
15:30:26,013  INFO HTransportSocketio:122 - ---> connecting   http://hub.novediagroup.com:8080
15:30:31,042  INFO HTransportSocketio:122 - ---> connecting   http://hub.novediagroup.com:8080
15:30:36,056  INFO HTransportSocketio:122 - ---> connecting   http://hub.novediagroup.com:8080
15:30:40,657  INFO HTransportSocketio:122 - ---> connecting   http://hub.novediagroup.com:8080
15:30:41,534  INFO HTransportSocketio:122 - ---> connecting   http://hub.novediagroup.com:8080
15:30:42,287  INFO HTransportSocketio:122 - ---> connecting   http://hub.novediagroup.com:8080
15:30:47,315  INFO HTransportSocketio:122 - ---> connecting   http://hub.novediagroup.com:8080
15:30:47,590  INFO HTransportSocketio:122 - ---> connecting   http://hub.novediagroup.com:8080
15:30:48,192  INFO HTransportSocketio:122 - ---> connecting   http://hub.novediagroup.com:8080
15:30:48,679  INFO HTransportSocketio:122 - ---> connecting   http://hub.novediagroup.com:8080
15:30:49,190  INFO HTransportSocketio:122 - ---> connecting   http://hub.novediagroup.com:8080
15:30:49,999  INFO HTransportSocketio:122 - ---> connecting   http://hub.novediagroup.com:8080
15:30:50,199  INFO HTransportSocketio:122 - ---> connecting   http://hub.novediagroup.com:8080
15:31:28,222  INFO HTransportSocketio:122 - ---> connecting   http://hub.novediagroup.com:8080
15:31:33,282  INFO HTransportSocketio:122 - ---> connecting   http://hub.novediagroup.com:8080
15:31:38,298  INFO HTransportSocketio:122 - ---> connecting   http://hub.novediagroup.com:8080
15:31:43,316  INFO HTransportSocketio:122 - ---> connecting   http://hub.novediagroup.com:8080
15:31:48,335  INFO HTransportSocketio:122 - ---> connecting   http://hub.novediagroup.com:8080
15:31:53,347  INFO HTransportSocketio:122 - ---> connecting   http://hub.novediagroup.com:8080
15:31:58,365  INFO HTransportSocketio:122 - ---> connecting   http://hub.novediagroup.com:8080
15:31:59,912  INFO HTransportSocketio:122 - ---> connecting   http://hub.novediagroup.com:8080
15:32:00,430  INFO HTransportSocketio:122 - ---> connecting   http://hub.novediagroup.com:8080
15:32:00,585  INFO HTransportSocketio:122 - ---> connecting   http://hub.novediagroup.com:8080
15:32:00,744  INFO HTransportSocketio:122 - ---> connecting   http://hub.novediagroup.com:8080
15:32:05,762  INFO HTransportSocketio:122 - ---> connecting   http://hub.novediagroup.com:8080
15:32:10,780  INFO HTransportSocketio:122 - ---> connecting   http://hub.novediagroup.com:8080
15:32:54,313  INFO HTransportSocketio:122 - ---> connecting   http://hub.novediagroup.com:8080
15:32:59,370  INFO HTransportSocketio:122 - ---> connecting   http://hub.novediagroup.com:8080
15:44:08,113  INFO HTransportSocketio:123 - ---> connecting + http://hub.novediagroup.com:8080  
15:44:13,169  INFO HTransportSocketio:123 - ---> connecting + http://hub.novediagroup.com:8080  
15:44:59,229  INFO HTransportSocketio:123 - ---> connecting + http://localhost:8080 
15:44:59,537  INFO HTransportSocketio:237 - *-*-*--*-*--*-onConnect
15:45:15,607  INFO HTransportSocketio:123 - ---> connecting + http://localhost:8080 
15:45:20,657  INFO HTransportSocketio:123 - ---> connecting + http://localhost:8080 
15:46:19,521  INFO HTransportSocketio:123 - ---> connecting + http://localhost:8080 
15:46:19,629  INFO HTransportSocketio:237 - *-*-*--*-*--*-onConnect
15:46:46,204  INFO HTransportSocketio:123 - ---> connecting + http://hub.novediagroup.com:8080  
15:46:46,462  INFO HTransportSocketio:237 - *-*-*--*-*--*-onConnect
15:54:14,496  INFO HTransportSocketio:235 - -------------onConnect---------
14:57:37,477  INFO HTransportSocketio:83 - ---> connect count : 1
14:57:37,550  INFO HTransportSocketio:317 - ==> reconnect count : 0
14:57:42,554  INFO HTransportSocketio:83 - ---> connect count : 2
14:57:42,559  INFO HTransportSocketio:317 - ==> reconnect count : 0
14:58:18,104  INFO HTransportSocketio:83 - ---> connect count : 1
14:58:18,143  INFO HTransportSocketio:317 - ==> reconnect count : 1
14:58:23,150  INFO HTransportSocketio:83 - ---> connect count : 2
14:58:23,158  INFO HTransportSocketio:317 - ==> reconnect count : 2
14:58:28,178  INFO HTransportSocketio:83 - ---> connect count : 3
14:58:28,184  INFO HTransportSocketio:317 - ==> reconnect count : 3
14:58:33,207  INFO HTransportSocketio:83 - ---> connect count : 4
14:58:33,214  INFO HTransportSocketio:317 - ==> reconnect count : 4
14:58:38,231  INFO HTransportSocketio:83 - ---> connect count : 5
14:58:38,237  INFO HTransportSocketio:317 - ==> reconnect count : 5
14:58:43,253  INFO HTransportSocketio:83 - ---> connect count : 6
14:58:43,258  INFO HTransportSocketio:317 - ==> reconnect count : 6
14:58:48,272  INFO HTransportSocketio:83 - ---> connect count : 7
14:58:48,286  INFO HTransportSocketio:317 - ==> reconnect count : 7
15:02:26,265  INFO HTransportSocketio:84 - ---> connect count : 1
15:02:26,298  INFO HTransportSocketio:319 - ==> reconnect count : 1 sdrc = true
15:02:31,304  INFO HTransportSocketio:84 - ---> connect count : 2
15:02:31,311  INFO HTransportSocketio:319 - ==> reconnect count : 2 sdrc = true
15:02:36,325  INFO HTransportSocketio:84 - ---> connect count : 3
15:02:36,332  INFO HTransportSocketio:319 - ==> reconnect count : 3 sdrc = true
15:02:41,340  INFO HTransportSocketio:84 - ---> connect count : 4
15:02:41,346  INFO HTransportSocketio:319 - ==> reconnect count : 4 sdrc = true
15:02:46,362  INFO HTransportSocketio:84 - ---> connect count : 5
15:02:46,369  INFO HTransportSocketio:319 - ==> reconnect count : 5 sdrc = true
15:02:51,383  INFO HTransportSocketio:84 - ---> connect count : 6
15:02:51,389  INFO HTransportSocketio:319 - ==> reconnect count : 6 sdrc = true
15:02:56,397  INFO HTransportSocketio:84 - ---> connect count : 7
15:02:56,403  INFO HTransportSocketio:319 - ==> reconnect count : 7 sdrc = true
12:15:54,498 ERROR HClient:838 - message: 
java.lang.ClassCastException: java.lang.String cannot be cast to org.joda.time.DateTime
	at org.hubiquitus.hapi.hStructures.HMessage.getPublished(HMessage.java:347)
	at main.MainPanel.onMessage(MainPanel.java:543)
	at org.hubiquitus.hapi.client.HClient$MyRunnable.run(HClient.java:836)
	at java.lang.Thread.run(Thread.java:679)
17:05:30,973  INFO HTransportSocketio:190 - ----> 
{"sent":"2012-11-06T17:05:30.968+01:00","persistent":false,"payload":{"text":"test"},"actor":"#test@hub.novediagroup.com","type":"text","publisher":"u1@hub.novediagroup.com"}
17:05:36,572  INFO HTransportSocketio:190 - ----> 
{"msgid":"11b7d6f8-61cf-43ad-927e-ec71f33ff9e3","sent":"2012-11-06T17:05:36.567+01:00","payload":{"cmd":"hgetsubscriptions"},"actor":"hnode@hub.novediagroup.com","type":"hCommand","timeout":30000,"publisher":"u1@hub.novediagroup.com"}
17:31:18,836  INFO HTransportSocketio:190 - ----> 
{"msgid":"98f26857-9c0c-4f55-8c99-7461e8c6e6d8","sent":"2012-11-06T17:31:18.827+01:00","payload":{"cmd":"hgetsubscriptions"},"actor":"hnode@hub.novediagroup.com","type":"hCommand","timeout":30000,"publisher":"u1@hub.novediagroup.com"}
17:32:40,181  INFO HTransportSocketio:190 - ----> 
{"sent":"2012-11-06T17:32:40.177+01:00","persistent":false,"payload":{"text":"test"},"actor":"#test@hub.novediagroup.com","type":"text","publisher":"u1@hub.novediagroup.com"}
17:41:51,889  INFO HTransportSocketio:190 - ----> 
{"sent":"2012-11-06T17:41:51.884+01:00","persistent":true,"payload":"454654","actor":"#test@hub.novediagroup.com","type":"text","publisher":"u1@hub.novediagroup.com"}
17:46:25,469  INFO HTransportSocketio:190 - ----> 
{"sent":"2012-11-06T17:46:25.458+01:00","msgid":"cd16d5e2-6d0c-4dba-85a1-07dd7ede0f27","payload":{"cmd":"hgetsubscriptions"},"actor":"hnode@hub.novediagroup.com","type":"hCommand","timeout":3000,"publisher":"u1@hub.novediagroup.com"}
17:49:23,049  WARN HTransportSocketio:192 - message: Not connected
17:49:40,467  INFO HTransportSocketio:190 - ----> 
{"msgid":"c00957df-f933-42a7-bbf1-e9f043be3943","sent":"2012-11-06T17:17:27.4767328+01:00","payload":{"cmd":"hgetsubscriptions"},"actor":"hnode@hub.novediagroup.com","type":"hCommand","timeout":3000,"publisher":"u1@hub.novediagroup.com"}
17:52:19,094  WARN HTransportSocketio:192 - message: Not connected
17:52:21,465  INFO HTransportSocketio:190 - ----> 
{"msgid":"c00957df-f933-42a7-bbf1-e9f043be3943","sent":"2012-11-06T17:17:27.4767328+01:00","payload":{"cmd":"hgetsubscriptions"},"actor":"hnode@hub.novediagroup.com","type":"hCommand","timeout":3000,"publisher":"u1@hub.novediagroup.com"}
17:53:30,660  WARN HTransportSocketio:192 - message: Not connected
17:54:04,202  INFO HTransportSocketio:190 - ----> 
{"sent":"2012-11-06T17:54:04.199+01:00","persistent":false,"payload":{"text":"test"},"actor":"#test@hub.novediagroup.com","type":"text","publisher":"u1@hub.novediagroup.com"}
17:54:06,448  INFO HTransportSocketio:190 - ----> 
{"msgid":"8072a683-2aa1-487a-b2f6-fa547a3182dc","sent":"2012-11-06T17:54:06.445+01:00","payload":{"cmd":"hgetsubscriptions"},"actor":"hnode@hub.novediagroup.com","type":"hCommand","timeout":30000,"publisher":"u1@hub.novediagroup.com"}
18:08:28,631  INFO HTransportSocketio:190 - ----> 
{"msgid":"a079d03e-c542-4920-829a-81bf2a8fed7d","sent":"2012-11-06T18:08:28.622+01:00","payload":{"cmd":"hgetsubscriptions"},"actor":"hnode@hub.novediagroup.com","type":"hCommand","timeout":30000,"publisher":"u1@hub.novediagroup.com"}
10:12:18,950  INFO HTransportSocketio:190 - ----> 
{"sent":"2012-11-07T10:12:18.945+01:00","persistent":false,"payload":{"text":"test111"},"actor":"#test@hub.novediagroup.com","type":"text","publisher":"u2@hub.novediagroup.com"}
10:12:55,797  INFO HTransportSocketio:190 - ----> 
{"sent":"2012-11-07T10:12:55.794+01:00","persistent":false,"payload":{"text":"test222"},"actor":"u1@hub.novediagroup.com","type":"text","publisher":"u2@hub.novediagroup.com"}
10:13:25,476  INFO HTransportSocketio:190 - ----> 
{"sent":"2012-11-07T10:13:25.474+01:00","persistent":false,"payload":{"text":"test333"},"actor":"u1@hub.novediagroup.com","type":"text","publisher":"u3@hub.novediagroup.com"}
17:39:51,462  INFO HTransportSocketio:190 - ----> 
{"msgid":"5e159c7f-680e-427c-b790-cd65e2732201","sent":"2012-11-09T17:39:51.451+01:00","payload":{"cmd":"hgetsubscriptions"},"actor":"hnode@localhost","type":"hCommand","timeout":30000,"publisher":"u1@localhost"}
13:49:14,803  INFO HTransportSocketio:266 - ---onConnect-- : true
13:51:05,009  INFO HTransportSocketio:267 - ---onConnect-- : true
13:51:29,731  INFO HTransportSocketio:267 - ---onConnect-- : true
13:52:12,499  INFO HTransportSocketio:267 - ---onConnect-- : true
13:52:14,472  INFO HTransportSocketio:267 - ---onConnect-- : true
13:52:16,994  INFO HTransportSocketio:267 - ---onConnect-- : true
13:52:18,475  INFO HTransportSocketio:267 - ---onConnect-- : true
13:52:19,369  INFO HTransportSocketio:267 - ---onConnect-- : true
10:55:42,872  INFO HTransportSocketio:249 - --> 41798141461353665155131526
10:59:00,345  INFO HTransportSocketio:249 - --> 18222278151353665352631521
10:59:54,578  INFO HTransportSocketio:249 - --> 24281217441353665406867551
11:09:41,035  INFO HTransportSocketio:255 - ---> lllllllllllll
11:10:30,372  INFO HTransportSocketio:255 - ---> lllllllllllll
11:12:22,522  INFO HTransportSocketio:255 - ---> lllllllllllll
11:14:30,157  INFO HTransportSocketio:255 - ---> lllllllllllll
11:15:13,392  INFO HTransportSocketio:255 - ---> lllllllllllll
11:16:31,638  INFO HTransportSocketio:255 - ---> lllllllllllll
11:16:39,516  INFO HTransportSocketio:255 - ---> lllllllllllll
11:21:48,028 ERROR HTransportSocketio:181 - message : 
java.lang.NullPointerException
	at org.hubiquitus.hapi.transport.socketio.HTransportSocketio.disconnect(HTransportSocketio.java:178)
	at org.hubiquitus.hapi.client.HClient.disconnect(HClient.java:196)
	at main.MainPanel$DisconnectionButtonListener.mouseClicked(MainPanel.java:322)
	at java.awt.AWTEventMulticaster.mouseClicked(AWTEventMulticaster.java:270)
	at java.awt.Component.processMouseEvent(Component.java:6271)
	at javax.swing.JComponent.processMouseEvent(JComponent.java:3267)
	at java.awt.Component.processEvent(Component.java:6033)
	at java.awt.Container.processEvent(Container.java:2045)
	at java.awt.Component.dispatchEventImpl(Component.java:4629)
	at java.awt.Container.dispatchEventImpl(Container.java:2103)
	at java.awt.Component.dispatchEvent(Component.java:4455)
	at java.awt.LightweightDispatcher.retargetMouseEvent(Container.java:4633)
	at java.awt.LightweightDispatcher.processMouseEvent(Container.java:4306)
	at java.awt.LightweightDispatcher.dispatchEvent(Container.java:4227)
	at java.awt.Container.dispatchEventImpl(Container.java:2089)
	at java.awt.Window.dispatchEventImpl(Window.java:2517)
	at java.awt.Component.dispatchEvent(Component.java:4455)
	at java.awt.EventQueue.dispatchEventImpl(EventQueue.java:649)
	at java.awt.EventQueue.access$000(EventQueue.java:96)
	at java.awt.EventQueue$1.run(EventQueue.java:608)
	at java.awt.EventQueue$1.run(EventQueue.java:606)
	at java.security.AccessController.doPrivileged(Native Method)
	at java.security.AccessControlContext$1.doIntersectionPrivilege(AccessControlContext.java:105)
	at java.security.AccessControlContext$1.doIntersectionPrivilege(AccessControlContext.java:116)
	at java.awt.EventQueue$2.run(EventQueue.java:622)
	at java.awt.EventQueue$2.run(EventQueue.java:620)
	at java.security.AccessController.doPrivileged(Native Method)
	at java.security.AccessControlContext$1.doIntersectionPrivilege(AccessControlContext.java:105)
	at java.awt.EventQueue.dispatchEvent(EventQueue.java:619)
	at java.awt.EventDispatchThread.pumpOneEventForFilters(EventDispatchThread.java:275)
	at java.awt.EventDispatchThread.pumpEventsForFilter(EventDispatchThread.java:200)
	at java.awt.EventDispatchThread.pumpEventsForHierarchy(EventDispatchThread.java:190)
	at java.awt.EventDispatchThread.pumpEvents(EventDispatchThread.java:185)
	at java.awt.EventDispatchThread.pumpEvents(EventDispatchThread.java:177)
	at java.awt.EventDispatchThread.run(EventDispatchThread.java:138)
11:23:33,039  INFO HTransportSocketio:264 - ---> lllllllllllll
11:24:04,318  INFO HTransportSocketio:264 - ---> lllllllllllll
11:24:09,488  INFO HTransportSocketio:264 - ---> lllllllllllll
11:26:40,397 ERROR HClient:841 - message: 
java.lang.NullPointerException
	at org.hubiquitus.hapi.client.HClient.getFullJid(HClient.java:89)
	at main.MainPanel.onStatus(MainPanel.java:587)
	at org.hubiquitus.hapi.client.HClient$2.run(HClient.java:839)
	at java.lang.Thread.run(Thread.java:679)
11:26:40,871  INFO HTransportSocketio:264 - ---> lllllllllllll
11:26:47,897  INFO HTransportSocketio:264 - ---> lllllllllllll
11:26:49,601  INFO HTransportSocketio:264 - ---> lllllllllllll
11:28:29,565  INFO HTransportSocketio:264 - ---> lllllllllllll
11:29:13,775  INFO HTransportSocketio:264 - ---> lllllllllllll
11:29:31,226 ERROR HTransportSocketio:181 - message : 
java.lang.NullPointerException
	at org.hubiquitus.hapi.transport.socketio.HTransportSocketio.disconnect(HTransportSocketio.java:179)
	at org.hubiquitus.hapi.client.HClient.disconnect(HClient.java:196)
	at main.MainPanel$DisconnectionButtonListener.mouseClicked(MainPanel.java:322)
	at java.awt.AWTEventMulticaster.mouseClicked(AWTEventMulticaster.java:270)
	at java.awt.Component.processMouseEvent(Component.java:6271)
	at javax.swing.JComponent.processMouseEvent(JComponent.java:3267)
	at java.awt.Component.processEvent(Component.java:6033)
	at java.awt.Container.processEvent(Container.java:2045)
	at java.awt.Component.dispatchEventImpl(Component.java:4629)
	at java.awt.Container.dispatchEventImpl(Container.java:2103)
	at java.awt.Component.dispatchEvent(Component.java:4455)
	at java.awt.LightweightDispatcher.retargetMouseEvent(Container.java:4633)
	at java.awt.LightweightDispatcher.processMouseEvent(Container.java:4306)
	at java.awt.LightweightDispatcher.dispatchEvent(Container.java:4227)
	at java.awt.Container.dispatchEventImpl(Container.java:2089)
	at java.awt.Window.dispatchEventImpl(Window.java:2517)
	at java.awt.Component.dispatchEvent(Component.java:4455)
	at java.awt.EventQueue.dispatchEventImpl(EventQueue.java:649)
	at java.awt.EventQueue.access$000(EventQueue.java:96)
	at java.awt.EventQueue$1.run(EventQueue.java:608)
	at java.awt.EventQueue$1.run(EventQueue.java:606)
	at java.security.AccessController.doPrivileged(Native Method)
	at java.security.AccessControlContext$1.doIntersectionPrivilege(AccessControlContext.java:105)
	at java.security.AccessControlContext$1.doIntersectionPrivilege(AccessControlContext.java:116)
	at java.awt.EventQueue$2.run(EventQueue.java:622)
	at java.awt.EventQueue$2.run(EventQueue.java:620)
	at java.security.AccessController.doPrivileged(Native Method)
	at java.security.AccessControlContext$1.doIntersectionPrivilege(AccessControlContext.java:105)
	at java.awt.EventQueue.dispatchEvent(EventQueue.java:619)
	at java.awt.EventDispatchThread.pumpOneEventForFilters(EventDispatchThread.java:275)
	at java.awt.EventDispatchThread.pumpEventsForFilter(EventDispatchThread.java:200)
	at java.awt.EventDispatchThread.pumpEventsForHierarchy(EventDispatchThread.java:190)
	at java.awt.EventDispatchThread.pumpEvents(EventDispatchThread.java:185)
	at java.awt.EventDispatchThread.pumpEvents(EventDispatchThread.java:177)
	at java.awt.EventDispatchThread.run(EventDispatchThread.java:138)
11:31:04,913  INFO HTransportSocketio:264 - ---> lllllllllllll
11:31:18,959  INFO HClient:195 - 121232
11:31:37,606  INFO HClient:195 - 121232
11:32:42,804 ERROR HClient:844 - message: 
java.lang.NullPointerException
	at org.hubiquitus.hapi.client.HClient.getFullJid(HClient.java:89)
	at main.MainPanel.onStatus(MainPanel.java:587)
	at org.hubiquitus.hapi.client.HClient$2.run(HClient.java:842)
	at java.lang.Thread.run(Thread.java:679)
11:33:02,462  INFO HClient:197 - 121232
11:33:02,469 ERROR HTransportSocketio:181 - message : 
java.lang.NullPointerException
	at org.hubiquitus.hapi.transport.socketio.HTransportSocketio.disconnect(HTransportSocketio.java:179)
	at org.hubiquitus.hapi.client.HClient.disconnect(HClient.java:199)
	at main.MainPanel$DisconnectionButtonListener.mouseClicked(MainPanel.java:322)
	at java.awt.AWTEventMulticaster.mouseClicked(AWTEventMulticaster.java:270)
	at java.awt.Component.processMouseEvent(Component.java:6271)
	at javax.swing.JComponent.processMouseEvent(JComponent.java:3267)
	at java.awt.Component.processEvent(Component.java:6033)
	at java.awt.Container.processEvent(Container.java:2045)
	at java.awt.Component.dispatchEventImpl(Component.java:4629)
	at java.awt.Container.dispatchEventImpl(Container.java:2103)
	at java.awt.Component.dispatchEvent(Component.java:4455)
	at java.awt.LightweightDispatcher.retargetMouseEvent(Container.java:4633)
	at java.awt.LightweightDispatcher.processMouseEvent(Container.java:4306)
	at java.awt.LightweightDispatcher.dispatchEvent(Container.java:4227)
	at java.awt.Container.dispatchEventImpl(Container.java:2089)
	at java.awt.Window.dispatchEventImpl(Window.java:2517)
	at java.awt.Component.dispatchEvent(Component.java:4455)
	at java.awt.EventQueue.dispatchEventImpl(EventQueue.java:649)
	at java.awt.EventQueue.access$000(EventQueue.java:96)
	at java.awt.EventQueue$1.run(EventQueue.java:608)
	at java.awt.EventQueue$1.run(EventQueue.java:606)
	at java.security.AccessController.doPrivileged(Native Method)
	at java.security.AccessControlContext$1.doIntersectionPrivilege(AccessControlContext.java:105)
	at java.security.AccessControlContext$1.doIntersectionPrivilege(AccessControlContext.java:116)
	at java.awt.EventQueue$2.run(EventQueue.java:622)
	at java.awt.EventQueue$2.run(EventQueue.java:620)
	at java.security.AccessController.doPrivileged(Native Method)
	at java.security.AccessControlContext$1.doIntersectionPrivilege(AccessControlContext.java:105)
	at java.awt.EventQueue.dispatchEvent(EventQueue.java:619)
	at java.awt.EventDispatchThread.pumpOneEventForFilters(EventDispatchThread.java:275)
	at java.awt.EventDispatchThread.pumpEventsForFilter(EventDispatchThread.java:200)
	at java.awt.EventDispatchThread.pumpEventsForHierarchy(EventDispatchThread.java:190)
	at java.awt.EventDispatchThread.pumpEvents(EventDispatchThread.java:185)
	at java.awt.EventDispatchThread.pumpEvents(EventDispatchThread.java:177)
	at java.awt.EventDispatchThread.run(EventDispatchThread.java:138)
11:33:04,252  INFO HTransportSocketio:264 - ---> lllllllllllll
11:33:05,318  INFO HClient:190 - 12fdfd1232
11:33:06,150  INFO HClient:197 - 121232
11:33:20,790  INFO HClient:197 - 121232
11:33:41,598  INFO HClient:197 - 121232
11:33:42,526  INFO HClient:197 - 121232
11:33:43,446  INFO HClient:197 - 121232
11:34:28,616  INFO HTransportSocketio:264 - ---> lllllllllllll
11:34:33,782  INFO HClient:190 - 12fdfd1232
11:34:34,854  INFO HClient:197 - 121232
11:36:40,880  INFO HTransportSocketio:256 - ---> lllllllllllll
11:36:44,372  INFO HTransportSocketio:256 - ---> lllllllllllll
11:39:49,651  INFO HClient:192 - dfqsdfqsdfq
11:39:54,715  INFO HClient:192 - dfqsdfqsdfq
11:40:05,360  INFO HClient:192 - dfqsdfqsdfq
11:40:09,093  INFO HClient:192 - dfqsdfqsdfq
11:40:13,120  INFO HClient:192 - dfqsdfqsdfq
11:40:15,768  INFO HClient:192 - dfqsdfqsdfq
11:40:18,280  INFO HClient:192 - dfqsdfqsdfq
11:40:21,480  INFO HClient:192 - dfqsdfqsdfq
11:40:25,021  INFO HClient:192 - dfqsdfqsdfq
11:40:27,479  INFO HClient:192 - dfqsdfqsdfq
11:40:45,791  INFO HClient:192 - dfqsdfqsdfq
11:40:54,102  INFO HClient:192 - dfqsdfqsdfq
11:41:01,293  INFO HClient:192 - dfqsdfqsdfq
15:17:39,528 ERROR HClient:841 - message: 
java.lang.NullPointerException
	at org.hubiquitus.hapi.client.HClient.getFullR(HClient.java:89)
	at main.MainPanel.onStatus(MainPanel.java:587)
	at org.hubiquitus.hapi.client.HClient$2.run(HClient.java:839)
	at java.lang.Thread.run(Thread.java:679)
15:17:39,533 ERROR HClient:841 - message: 
java.lang.NullPointerException
	at org.hubiquitus.hapi.client.HClient.getFullR(HClient.java:89)
	at main.MainPanel.onStatus(MainPanel.java:587)
	at org.hubiquitus.hapi.client.HClient$2.run(HClient.java:839)
	at java.lang.Thread.run(Thread.java:679)
15:17:48,956 ERROR HClient:841 - message: 
java.lang.NullPointerException
	at org.hubiquitus.hapi.client.HClient.getFullR(HClient.java:89)
	at main.MainPanel.onStatus(MainPanel.java:587)
	at org.hubiquitus.hapi.client.HClient$2.run(HClient.java:839)
	at java.lang.Thread.run(Thread.java:679)
15:17:48,964 ERROR HClient:841 - message: 
java.lang.NullPointerException
	at org.hubiquitus.hapi.client.HClient.getFullR(HClient.java:89)
	at main.MainPanel.onStatus(MainPanel.java:587)
	at org.hubiquitus.hapi.client.HClient$2.run(HClient.java:839)
	at java.lang.Thread.run(Thread.java:679)
16:12:10,080 ERROR HTransportSocketio:261 - message : 
java.lang.Exception
	at org.hubiquitus.hapi.structures.Urn.setUrn(Urn.java:88)
	at org.hubiquitus.hapi.structures.Urn.<init>(Urn.java:51)
	at org.hubiquitus.hapi.transport.socketio.HTransportSocketio.on(HTransportSocketio.java:254)
	at io.socket.IOConnection.on(IOConnection.java:907)
	at io.socket.IOConnection.transportMessage(IOConnection.java:697)
	at io.socket.WebsocketTransport.onMessage(WebsocketTransport.java:82)
	at org.java_websocket.client.WebSocketClient.onWebsocketMessage(WebSocketClient.java:361)
	at org.java_websocket.WebSocketImpl.deliverMessage(WebSocketImpl.java:565)
	at org.java_websocket.WebSocketImpl.decodeFrames(WebSocketImpl.java:331)
	at org.java_websocket.WebSocketImpl.decode(WebSocketImpl.java:152)
	at org.java_websocket.client.WebSocketClient.interruptableRun(WebSocketClient.java:247)
	at org.java_websocket.client.WebSocketClient.run(WebSocketClient.java:193)
	at java.lang.Thread.run(Thread.java:679)
16:12:45,402 ERROR HTransportSocketio:261 - message : 
org.json.JSONException: JSONObject["login"] not found.
	at org.json.JSONObject.get(JSONObject.java:422)
	at org.json.JSONObject.getString(JSONObject.java:593)
	at org.hubiquitus.hapi.transport.socketio.HTransportSocketio.on(HTransportSocketio.java:254)
	at io.socket.IOConnection.on(IOConnection.java:907)
	at io.socket.IOConnection.transportMessage(IOConnection.java:697)
	at io.socket.WebsocketTransport.onMessage(WebsocketTransport.java:82)
	at org.java_websocket.client.WebSocketClient.onWebsocketMessage(WebSocketClient.java:361)
	at org.java_websocket.WebSocketImpl.deliverMessage(WebSocketImpl.java:565)
	at org.java_websocket.WebSocketImpl.decodeFrames(WebSocketImpl.java:331)
	at org.java_websocket.WebSocketImpl.decode(WebSocketImpl.java:152)
	at org.java_websocket.client.WebSocketClient.interruptableRun(WebSocketClient.java:247)
	at org.java_websocket.client.WebSocketClient.run(WebSocketClient.java:193)
	at java.lang.Thread.run(Thread.java:679)
16:14:52,589 ERROR HTransportSocketio:261 - message : 
java.lang.Exception
	at org.hubiquitus.hapi.structures.Urn.setUrn(Urn.java:88)
	at org.hubiquitus.hapi.structures.Urn.<init>(Urn.java:51)
	at org.hubiquitus.hapi.transport.socketio.HTransportSocketio.on(HTransportSocketio.java:254)
	at io.socket.IOConnection.on(IOConnection.java:907)
	at io.socket.IOConnection.transportMessage(IOConnection.java:697)
	at io.socket.WebsocketTransport.onMessage(WebsocketTransport.java:82)
	at org.java_websocket.client.WebSocketClient.onWebsocketMessage(WebSocketClient.java:361)
	at org.java_websocket.WebSocketImpl.deliverMessage(WebSocketImpl.java:565)
	at org.java_websocket.WebSocketImpl.decodeFrames(WebSocketImpl.java:331)
	at org.java_websocket.WebSocketImpl.decode(WebSocketImpl.java:152)
	at org.java_websocket.client.WebSocketClient.interruptableRun(WebSocketClient.java:247)
	at org.java_websocket.client.WebSocketClient.run(WebSocketClient.java:193)
	at java.lang.Thread.run(Thread.java:679)
15:54:30,392 DEBUG HClient:290 - {"sent":1358261670391,"persistent":false,"payload":{"text":"test"},"actor":"urn:localhost:testChannel","type":"text","publisher":"urn:localhost:u1/579e7ec2-a195-4dc0-a4e1-38164b211abb"}
15:54:33,641 DEBUG HClient:290 - {"msgid":"c6f1ee26-edc4-4498-9fab-641b91194308","sent":1358261673639,"payload":{"cmd":"hSubscribe"},"actor":"urn:localhost:testChannel","type":"hCommand","timeout":30000,"publisher":"urn:localhost:u1/579e7ec2-a195-4dc0-a4e1-38164b211abb"}
15:54:33,774 DEBUG HClient:290 - {"msgid":"aab4a835-b770-4bcf-bb5c-8996be5e33ee","sent":1358261673772,"payload":{"cmd":"hSubscribe"},"actor":"urn:localhost:testChannel","type":"hCommand","timeout":30000,"publisher":"urn:localhost:u1/579e7ec2-a195-4dc0-a4e1-38164b211abb"}
15:56:08,609 DEBUG HClient:290 - {"msgid":"89f0e8a9-377b-4f20-9621-eb936dbee270","sent":1358261768607,"payload":{"cmd":"hGetLastMessages","params":{},"filter":{}},"actor":"urn:localhost:testChannel","type":"hCommand","timeout":30000,"publisher":"urn:localhost:u1/1e03af4c-976c-4db5-b12c-781ca19348e4"}
